18:25:12: Creating resource group General
18:25:12: Creating resource group Internal
18:25:12: Creating resource group Autodetect
18:25:12: SceneManagerFactory for type 'DefaultSceneManager' registered.
18:25:12: Registering ResourceManager for type Material
18:25:12: Registering ResourceManager for type Mesh
18:25:12: Registering ResourceManager for type Skeleton
18:25:12: MovableObjectFactory for type 'ParticleSystem' registered.
18:25:12: ArchiveFactory for archive type FileSystem registered.
18:25:12: ArchiveFactory for archive type Zip registered.
18:25:12: ArchiveFactory for archive type EmbeddedZip registered.
18:25:12: DDS codec registering
18:25:12: FreeImage version: 3.18.0
18:25:12: This program uses FreeImage, a free, open source image library supporting all common bitmap formats. See http://freeimage.sourceforge.net for details
18:25:12: Supported formats: bmp,ico,jpg,jif,jpeg,jpe,jng,koa,iff,lbm,mng,pbm,pbm,pcd,pcx,pgm,pgm,png,ppm,ppm,ras,tga,targa,tif,tiff,wap,wbmp,wbm,psd,psb,cut,xbm,xpm,gif,hdr,g3,sgi,rgb,rgba,bw,exr,j2k,j2c,jp2,pfm,pct,pict,pic,3fr,arw,bay,bmq,cap,cine,cr2,crw,cs1,dc2,dcr,drf,dsc,dng,erf,fff,ia,iiq,k25,kc2,kdc,mdc,mef,mos,mrw,nef,nrw,orf,pef,ptx,pxn,qtk,raf,raw,rdc,rw2,rwl,rwz,sr2,srf,srw,sti,x3f,webp,jxr,wdp,hdp
18:25:12: ETC codec registering
18:25:12: Registering ResourceManager for type HighLevelGpuProgram
18:25:12: Registering ResourceManager for type Compositor
18:25:12: MovableObjectFactory for type 'Entity' registered.
18:25:12: MovableObjectFactory for type 'Light' registered.
18:25:12: MovableObjectFactory for type 'BillboardSet' registered.
18:25:12: MovableObjectFactory for type 'ManualObject' registered.
18:25:12: MovableObjectFactory for type 'BillboardChain' registered.
18:25:12: MovableObjectFactory for type 'RibbonTrail' registered.
18:25:12: Loading library .\RenderSystem_Direct3D9.dll
18:25:12: Installing plugin: D3D9 RenderSystem
18:25:12: D3D9 : Direct3D9 Rendering Subsystem created.
18:25:12: D3D9: Driver Detection Starts
18:25:12: D3D9: Driver Detection Ends
18:25:12: Plugin successfully installed
18:25:12: *-*-* OGRE Initialising
18:25:12: *-*-* Version 1.9.0 (Ghadamon)
18:25:12: D3D9 : RenderSystem Option: Allow DirectX9Ex = No
18:25:12: D3D9 : RenderSystem Option: Allow NVPerfHUD = No
18:25:12: D3D9 : RenderSystem Option: FSAA = 0
18:25:12: D3D9 : RenderSystem Option: Fixed Pipeline Enabled = Yes
18:25:12: D3D9 : RenderSystem Option: Floating-point mode = Fastest
18:25:12: D3D9 : RenderSystem Option: Full Screen = Yes
18:25:12: D3D9 : RenderSystem Option: Multi device memory hint = Use minimum system memory
18:25:12: D3D9 : RenderSystem Option: Rendering Device = Monitor-1-NVIDIA GeForce GTX 1060 3GB
18:25:12: D3D9 : RenderSystem Option: Resource Creation Policy = Create on all devices
18:25:12: D3D9 : RenderSystem Option: Use Multihead = Auto
18:25:12: D3D9 : RenderSystem Option: VSync = No
18:25:12: D3D9 : RenderSystem Option: VSync Interval = 1
18:25:12: D3D9 : RenderSystem Option: Video Mode = 1920 x 1080 @ 32-bit colour
18:25:12: D3D9 : RenderSystem Option: sRGB Gamma Conversion = No
18:25:13: OverlayElementFactory for type Panel registered.
18:25:13: OverlayElementFactory for type BorderPanel registered.
18:25:13: OverlayElementFactory for type TextArea registered.
18:25:13: Registering ResourceManager for type Font
18:25:13: CPU Identifier & Features
18:25:13: -------------------------
18:25:13:  *   CPU ID: GenuineIntel: Intel(R) Core(TM) i5-7500 CPU @ 3.40GHz
18:25:13:  *      SSE: yes
18:25:13:  *     SSE2: yes
18:25:13:  *     SSE3: yes
18:25:13:  *      MMX: yes
18:25:13:  *   MMXEXT: yes
18:25:13:  *    3DNOW: no
18:25:13:  * 3DNOWEXT: no
18:25:13:  *     CMOV: yes
18:25:13:  *      TSC: yes
18:25:13:  *      FPU: yes
18:25:13:  *      PRO: yes
18:25:13:  *       HT: no
18:25:13: -------------------------
18:25:13: D3D9 : Subsystem Initialising
18:25:13: Registering ResourceManager for type Texture
18:25:13: Registering ResourceManager for type GpuProgram
18:25:13: D3D9RenderSystem::_createRenderWindow "RUNNING WITH RIFLES Voxel Editor 0.14 (c) Osumia Games 2018", 1920x1080 fullscreen  miscParams: FSAA=0 FSAAHint= colourDepth=32 gamma=false monitorIndex=0 useNVPerfHUD=false vsync=false vsyncInterval=1 
18:25:13: D3D9 : Created D3D9 Rendering Window 'RUNNING WITH RIFLES Voxel Editor 0.14 (c) Osumia Games 2018' : 1920x1080, 32bpp
18:25:13: D3D9: Vertex texture format supported - PF_A8R8G8B8
18:25:13: D3D9: Vertex texture format supported - PF_B8G8R8A8
18:25:13: D3D9: Vertex texture format supported - PF_FLOAT16_RGB
18:25:13: D3D9: Vertex texture format supported - PF_FLOAT16_RGBA
18:25:13: D3D9: Vertex texture format supported - PF_FLOAT32_RGB
18:25:13: D3D9: Vertex texture format supported - PF_FLOAT32_RGBA
18:25:13: D3D9: Vertex texture format supported - PF_R8G8B8A8
18:25:13: D3D9: Vertex texture format supported - PF_DEPTH
18:25:13: D3D9: Vertex texture format supported - PF_FLOAT16_R
18:25:13: D3D9: Vertex texture format supported - PF_FLOAT32_R
18:25:13: D3D9: Vertex texture format supported - PF_FLOAT16_GR
18:25:13: D3D9: Vertex texture format supported - PF_FLOAT32_GR
18:25:13: D3D9: Vertex texture format supported - PF_PVRTC_RGB2
18:25:13: D3D9: Vertex texture format supported - PF_PVRTC_RGBA2
18:25:13: D3D9: Vertex texture format supported - PF_PVRTC_RGB4
18:25:13: D3D9: Vertex texture format supported - PF_PVRTC_RGBA4
18:25:13: D3D9: Vertex texture format supported - PF_PVRTC2_2BPP
18:25:13: D3D9: Vertex texture format supported - PF_PVRTC2_4BPP
18:25:13: D3D9: Vertex texture format supported - PF_R11G11B10_FLOAT
18:25:13: D3D9: Vertex texture format supported - PF_R8_UINT
18:25:13: D3D9: Vertex texture format supported - PF_R8G8_UINT
18:25:13: D3D9: Vertex texture format supported - PF_R8G8B8_UINT
18:25:13: D3D9: Vertex texture format supported - PF_R8G8B8A8_UINT
18:25:13: D3D9: Vertex texture format supported - PF_R16_UINT
18:25:13: D3D9: Vertex texture format supported - PF_R16G16_UINT
18:25:13: D3D9: Vertex texture format supported - PF_R16G16B16_UINT
18:25:13: D3D9: Vertex texture format supported - PF_R16G16B16A16_UINT
18:25:13: D3D9: Vertex texture format supported - PF_R32_UINT
18:25:13: D3D9: Vertex texture format supported - PF_R32G32_UINT
18:25:13: D3D9: Vertex texture format supported - PF_R32G32B32_UINT
18:25:13: D3D9: Vertex texture format supported - PF_R32G32B32A32_UINT
18:25:13: D3D9: Vertex texture format supported - PF_R8_SINT
18:25:13: D3D9: Vertex texture format supported - PF_R8G8_SINT
18:25:13: D3D9: Vertex texture format supported - PF_R8G8B8_SINT
18:25:13: D3D9: Vertex texture format supported - PF_R8G8B8A8_SINT
18:25:13: D3D9: Vertex texture format supported - PF_R16_SINT
18:25:13: D3D9: Vertex texture format supported - PF_R16G16_SINT
18:25:13: D3D9: Vertex texture format supported - PF_R16G16B16_SINT
18:25:13: D3D9: Vertex texture format supported - PF_R16G16B16A16_SINT
18:25:13: D3D9: Vertex texture format supported - PF_R32_SINT
18:25:13: D3D9: Vertex texture format supported - PF_R32G32_SINT
18:25:13: D3D9: Vertex texture format supported - PF_R32G32B32_SINT
18:25:13: D3D9: Vertex texture format supported - PF_R32G32B32A32_SINT
18:25:13: D3D9: Vertex texture format supported - PF_R9G9B9E5_SHAREDEXP
18:25:13: D3D9: Vertex texture format supported - PF_BC4_UNORM
18:25:13: D3D9: Vertex texture format supported - PF_BC4_SNORM
18:25:13: D3D9: Vertex texture format supported - PF_BC5_UNORM
18:25:13: D3D9: Vertex texture format supported - PF_BC5_SNORM
18:25:13: D3D9: Vertex texture format supported - PF_BC6H_UF16
18:25:13: D3D9: Vertex texture format supported - PF_BC6H_SF16
18:25:13: D3D9: Vertex texture format supported - PF_BC7_UNORM
18:25:13: D3D9: Vertex texture format supported - PF_BC7_UNORM_SRGB
18:25:13: D3D9: Vertex texture format supported - PF_R8
18:25:13: D3D9: Vertex texture format supported - PF_RG8
18:25:13: D3D9: Vertex texture format supported - PF_R8_SNORM
18:25:13: D3D9: Vertex texture format supported - PF_R8G8_SNORM
18:25:13: D3D9: Vertex texture format supported - PF_R8G8B8_SNORM
18:25:13: D3D9: Vertex texture format supported - PF_R8G8B8A8_SNORM
18:25:13: D3D9: Vertex texture format supported - PF_R16_SNORM
18:25:13: D3D9: Vertex texture format supported - PF_R16G16_SNORM
18:25:13: D3D9: Vertex texture format supported - PF_R16G16B16_SNORM
18:25:13: D3D9: Vertex texture format supported - PF_R16G16B16A16_SNORM
18:25:13: D3D9: Vertex texture format supported - PF_ETC1_RGB8
18:25:13: D3D9: Vertex texture format supported - PF_ETC2_RGB8
18:25:13: D3D9: Vertex texture format supported - PF_ETC2_RGBA8
18:25:13: D3D9: Vertex texture format supported - PF_ETC2_RGB8A1
18:25:13: D3D9: Vertex texture format supported - PF_ATC_RGB
18:25:13: D3D9: Vertex texture format supported - PF_ATC_RGBA_EXPLICIT_ALPHA
18:25:13: D3D9: Vertex texture format supported - PF_ATC_RGBA_INTERPOLATED_ALPHA
18:25:13: RenderSystem capabilities
18:25:13: -------------------------
18:25:13: RenderSystem Name: Direct3D9 Rendering Subsystem
18:25:13: GPU Vendor: nvidia
18:25:13: Device Name: Monitor-1-NVIDIA GeForce GTX 1060 3GB
18:25:13: Driver Version: 23.21.13.9135
18:25:13:  * Fixed function pipeline: yes
18:25:13:  * Hardware generation of mipmaps: yes
18:25:13:  * Texture blending: yes
18:25:13:  * Anisotropic texture filtering: yes
18:25:13:  * Dot product texture operation: yes
18:25:13:  * Cube mapping: yes
18:25:13:  * Hardware stencil buffer: yes
18:25:13:    - Stencil depth: 8
18:25:13:    - Two sided stencil support: yes
18:25:13:    - Wrap stencil values: yes
18:25:13:  * Hardware vertex / index buffers: yes
18:25:13:  * 32-bit index buffers: yes
18:25:13:  * Vertex programs: yes
18:25:13:  * Number of floating-point constants for vertex programs: 256
18:25:13:  * Number of integer constants for vertex programs: 16
18:25:13:  * Number of boolean constants for vertex programs: 16
18:25:13:  * Fragment programs: yes
18:25:13:  * Number of floating-point constants for fragment programs: 224
18:25:13:  * Number of integer constants for fragment programs: 16
18:25:13:  * Number of boolean constants for fragment programs: 16
18:25:13:  * Geometry programs: no
18:25:13:  * Number of floating-point constants for geometry programs: 0
18:25:13:  * Number of integer constants for geometry programs: 0
18:25:13:  * Number of boolean constants for geometry programs: 0
18:25:13:  * Tesselation Hull programs: no
18:25:13:  * Number of floating-point constants for tesselation hull programs: 0
18:25:13:  * Number of integer constants for tesselation hull programs: 0
18:25:13:  * Number of boolean constants for tesselation hull programs: 0
18:25:13:  * Tesselation Domain programs: no
18:25:13:  * Number of floating-point constants for tesselation domain programs: 0
18:25:13:  * Number of integer constants for tesselation domain programs: 0
18:25:13:  * Number of boolean constants for tesselation domain programs: 0
18:25:13:  * Compute programs: no
18:25:13:  * Number of floating-point constants for compute programs: 0
18:25:13:  * Number of integer constants for compute programs: 0
18:25:13:  * Number of boolean constants for compute programs: 0
18:25:13:  * Supported Shader Profiles: hlsl ps_1_1 ps_1_2 ps_1_3 ps_1_4 ps_2_0 ps_2_a ps_2_b ps_2_x ps_3_0 vs_1_1 vs_2_0 vs_2_a vs_2_x vs_3_0
18:25:13:  * Texture Compression: yes
18:25:13:    - DXT: yes
18:25:13:    - VTC: no
18:25:13:    - PVRTC: no
18:25:13:    - ATC: no
18:25:13:    - ETC1: no
18:25:13:    - ETC2: no
18:25:13:    - BC4/BC5: no
18:25:13:    - BC6H/BC7: no
18:25:13:  * Scissor Rectangle: yes
18:25:13:  * Hardware Occlusion Query: yes
18:25:13:  * User clip planes: yes
18:25:13:  * VET_UBYTE4 vertex element type: yes
18:25:13:  * Infinite far plane projection: yes
18:25:13:  * Hardware render-to-texture: yes
18:25:13:  * Floating point textures: yes
18:25:13:  * Non-power-of-two textures: yes
18:25:13:  * 1d textures: yes
18:25:13:  * Volume textures: yes
18:25:13:  * Multiple Render Targets: 4
18:25:13:    - With different bit depths: yes
18:25:13:  * Point Sprites: yes
18:25:13:  * Extended point parameters: yes
18:25:13:  * Max Point Size: 8192
18:25:13:  * Vertex texture fetch: yes
18:25:13:  * Number of world matrices: 0
18:25:13:  * Number of texture units: 8
18:25:13:  * Stencil buffer depth: 8
18:25:13:  * Number of vertex blend matrices: 0
18:25:13:    - Max vertex textures: 4
18:25:13:    - Vertex textures shared: no
18:25:13:  * Render to Vertex Buffer : no
18:25:13:  * Hardware Atomic Counters: no
18:25:13:  * DirectX per stage constants: yes
18:25:13: ***************************************
18:25:13: *** D3D9 : Subsystem Initialised OK ***
18:25:13: ***************************************
18:25:13: DefaultWorkQueue('Root') initialising on thread 6470.
18:25:13: DefaultWorkQueue('Root')::WorkerFunc - thread 3a80 starting.
18:25:13: DefaultWorkQueue('Root')::WorkerFunc - thread 5544 starting.
18:25:13: DefaultWorkQueue('Root')::WorkerFunc - thread 5198 starting.
18:25:13: Particle Renderer Type 'billboard' registered
18:25:13: DefaultWorkQueue('Root')::WorkerFunc - thread 5b0c starting.
18:25:13: OverlayElementFactory for type TextArea2 registered.
18:25:13: Added resource location 'media/fonts' of type 'FileSystem' to resource group 'General'
18:25:13: Added resource location 'media/materials' of type 'FileSystem' to resource group 'General'
18:25:13: Added resource location 'media/textures' of type 'FileSystem' to resource group 'General'
18:25:13: Parsing scripts for resource group Autodetect
18:25:13: Finished parsing scripts for resource group Autodetect
18:25:13: Creating resources for group Autodetect
18:25:13: All done
18:25:13: Parsing scripts for resource group General
18:25:13: Parsing script Arrow.material
18:25:13: Parsing script BonePoint.material
18:25:13: Parsing script Bones.material
18:25:13: Parsing script Box.material
18:25:13: Parsing script HandToHand.material
18:25:13: Parsing script MenuSystem.material
18:25:13: Parsing script SelectorRectangle.material
18:25:13: Parsing script VertexColor.material
18:25:13: Parsing script basic_font.fontdef
18:25:13: Parsing script basic_font_italic.fontdef
18:25:13: Parsing script basic_font_outline.fontdef
18:25:13: Parsing script latin1_basic_font_025.fontdef
18:25:13: Parsing script latin1_basic_font_050.fontdef
18:25:13: Parsing script latin1_basic_font_100.fontdef
18:25:13: Parsing script latin1_basic_font_outline_025.fontdef
18:25:13: Parsing script latin1_basic_font_outline_050.fontdef
18:25:13: Parsing script latin1_basic_font_outline_100.fontdef
18:25:13: Parsing script latin1_input_font_outline_025.fontdef
18:25:13: Parsing script latin1_input_font_outline_050.fontdef
18:25:13: Parsing script latin1_input_font_outline_100.fontdef
18:25:13: Finished parsing scripts for resource group General
18:25:13: Creating resources for group General
18:25:13: All done
18:25:13: Parsing scripts for resource group Internal
18:25:13: Finished parsing scripts for resource group Internal
18:25:13: Creating resources for group Internal
18:25:13: All done
18:25:13: Font BasicFont using texture size 2048x2048
18:25:13: Info: Freetype returned null for character 32 in font BasicFont
18:25:13: Info: Freetype returned null for character 160 in font BasicFont
18:25:13: Texture: BasicFontTexture: Loading 1 faces(PF_BYTE_LA,2048x2048x1) with 0 generated mipmaps from Image. Internal format is PF_BYTE_LA,2048x2048x1.
18:25:13: Font BasicFontItalic using texture size 2048x2048
18:25:13: Info: Freetype returned null for character 32 in font BasicFontItalic
18:25:13: Info: Freetype returned null for character 160 in font BasicFontItalic
18:25:13: Texture: BasicFontItalicTexture: Loading 1 faces(PF_BYTE_LA,2048x2048x1) with 0 generated mipmaps from Image. Internal format is PF_BYTE_LA,2048x2048x1.
18:25:13: using file D:\NutStore\RWR\WorkshopUploader\content2\media\packages\Girls_FrontLine\models\model_convert\ussr_shotgun_gunner.xml
18:25:13: using animation file soldier_animations.xml
18:25:13: Texture: menusystem_bar.png: Loading 1 faces(PF_A8R8G8B8,32x32x1) Internal format is PF_A8R8G8B8,32x32x1.
18:25:13: Texture: menusystem_control_background.png: Loading 1 faces(PF_A8R8G8B8,32x32x1) Internal format is PF_A8R8G8B8,32x32x1.
18:25:13: Texture: red.png: Loading 1 faces(PF_A8R8G8B8,2x2x1) Internal format is PF_A8R8G8B8,2x2x1.
18:25:13: Texture: menusystem_slider.png: Loading 1 faces(PF_A8R8G8B8,32x32x1) Internal format is PF_A8R8G8B8,32x32x1.
18:25:13: Texture: slider.png: Loading 1 faces(PF_A8R8G8B8,3x3x1) with 1 generated mipmaps from Image. Internal format is PF_A8R8G8B8,3x3x1.
18:25:13: Texture: green.png: Loading 1 faces(PF_A8R8G8B8,2x2x1) Internal format is PF_A8R8G8B8,2x2x1.
18:25:13: Texture: blue.png: Loading 1 faces(PF_A8R8G8B8,2x2x1) Internal format is PF_A8R8G8B8,2x2x1.
18:25:13: Texture: display.png: Loading 1 faces(PF_A8R8G8B8,3x3x1) with 1 generated mipmaps from Image. Internal format is PF_A8R8G8B8,3x3x1.
18:25:14: application start done
18:25:14: rendering the first frame
18:25:14: Texture: latin1_basic_font_outline_050.png: Loading 1 faces(PF_A8R8G8B8,512x512x1) with 0 generated mipmaps from Image. Internal format is PF_A8R8G8B8,512x512x1.
18:25:14: first frame rendered ok
18:25:14: adding frame listener
18:25:14: run simulation
18:25:14: starting rendering loop
18:25:26: render window closed - quitting
18:25:26: Graphics::~Graphics()
18:25:26: DefaultWorkQueue('Root') shutting down on thread 6470.
18:25:26: DefaultWorkQueue('Root')::WorkerFunc - thread 5198 stopped.
18:25:26: DefaultWorkQueue('Root')::WorkerFunc - thread 3a80 stopped.
18:25:26: DefaultWorkQueue('Root')::WorkerFunc - thread 5b0c stopped.
18:25:26: DefaultWorkQueue('Root')::WorkerFunc - thread 5544 stopped.
18:25:26: *-*-* OGRE Shutdown
18:25:26: Unregistering ResourceManager for type Compositor
18:25:26: Unregistering ResourceManager for type Skeleton
18:25:26: Unregistering ResourceManager for type Mesh
18:25:26: Unregistering ResourceManager for type HighLevelGpuProgram
18:25:26: Uninstalling plugin: D3D9 RenderSystem
18:25:26: D3D9 device: 0x[0D6F6320] destroy. Releasing D3D9 texture: latin1_basic_font_outline_050.png
18:25:26: Released D3D9 texture: latin1_basic_font_outline_050.png
18:25:26: D3D9 device: 0x[0D6F6320] destroy. Releasing D3D9 texture: menusystem_control_background.png
18:25:26: Released D3D9 texture: menusystem_control_background.png
18:25:26: D3D9 device: 0x[0D6F6320] destroy. Releasing D3D9 texture: menusystem_bar.png
18:25:26: Released D3D9 texture: menusystem_bar.png
18:25:26: D3D9 device: 0x[0D6F6320] destroy. Releasing D3D9 texture: red.png
18:25:26: Released D3D9 texture: red.png
18:25:26: D3D9 device: 0x[0D6F6320] destroy. Releasing D3D9 texture: menusystem_slider.png
18:25:26: Released D3D9 texture: menusystem_slider.png
18:25:26: D3D9 device: 0x[0D6F6320] destroy. Releasing D3D9 texture: slider.png
18:25:26: Released D3D9 texture: slider.png
18:25:26: D3D9 device: 0x[0D6F6320] destroy. Releasing D3D9 texture: green.png
18:25:26: Released D3D9 texture: green.png
18:25:26: D3D9 device: 0x[0D6F6320] destroy. Releasing D3D9 texture: blue.png
18:25:26: Released D3D9 texture: blue.png
18:25:26: D3D9 device: 0x[0D6F6320] destroy. Releasing D3D9 texture: display.png
18:25:26: Released D3D9 texture: display.png
18:25:26: D3D9 : Shutting down cleanly.
18:25:26: Unregistering ResourceManager for type Texture
18:25:26: Unregistering ResourceManager for type GpuProgram
18:25:26: D3D9 : Direct3D9 Rendering Subsystem destroyed.
18:25:26: Plugin successfully uninstalled
18:25:26: Unloading library .\RenderSystem_Direct3D9.dll
18:25:26: Unregistering ResourceManager for type Material
